2014-09-08 21:27:29.971 Scratchpad[41901:70b] Multi-tasking -> Device: YES, App: YES
2014-09-08 21:27:30.027 Scratchpad[41901:70b] Unlimited access to network resources
2014-09-08 21:27:30.031 Scratchpad[41901:70b] 

Started backup to iCloud! Please be careful.
Your application might rejected by Apple if you store too much data.
For more information please read "iOS Data Storage Guidelines"
You could find it at the following address https://developer.apple.com/icloud/documentation/data-storage/ .

2014-09-08 21:27:30.325 Scratchpad[41901:70b] Resetting plugins due to page load.
2014-09-08 21:27:30.434 Scratchpad[41901:70b] Finished load of: file:///Users/norman/Library/Application%20Support/iPhone%20Simulator/7.1/Applications/2B90A09F-ECF4-4674-8BA5-E50DAC14FEEB/Scratchpad.app/www/index.html
2014-09-08 21:28:05.530 Scratchpad[41901:70b] Resetting plugins due to page load.
2014-09-08 21:28:05.617 Scratchpad[41901:70b] Finished load of: file:///Users/norman/Library/Application%20Support/iPhone%20Simulator/7.1/Applications/2B90A09F-ECF4-4674-8BA5-E50DAC14FEEB/Scratchpad.app/www/index.html
2014-09-08 21:29:14.596 Scratchpad[43935:70b] Multi-tasking -> Device: YES, App: YES
2014-09-08 21:29:14.603 Scratchpad[43935:70b] Unlimited access to network resources
2014-09-08 21:29:14.607 Scratchpad[43935:70b] 

Started backup to iCloud! Please be careful.
Your application might rejected by Apple if you store too much data.
For more information please read "iOS Data Storage Guidelines"
You could find it at the following address https://developer.apple.com/icloud/documentation/data-storage/ .

2014-09-08 21:29:14.782 Scratchpad[43935:70b] Resetting plugins due to page load.
2014-09-08 21:29:14.860 Scratchpad[43935:70b] Finished load of: file:///Users/norman/Library/Application%20Support/iPhone%20Simulator/7.1/Applications/2B90A09F-ECF4-4674-8BA5-E50DAC14FEEB/Scratchpad.app/www/index.html
2014-09-08 21:29:30.162 Scratchpad[43935:70b] Resetting plugins due to page load.
2014-09-08 21:29:30.191 Scratchpad[43935:70b] Finished load of: file:///Users/norman/Library/Application%20Support/iPhone%20Simulator/7.1/Applications/2B90A09F-ECF4-4674-8BA5-E50DAC14FEEB/Scratchpad.app/www/index.html
2014-09-08 21:30:29.290 Scratchpad[45985:70b] Multi-tasking -> Device: YES, App: YES
2014-09-08 21:30:29.298 Scratchpad[45985:70b] Unlimited access to network resources
2014-09-08 21:30:29.301 Scratchpad[45985:70b] 

Started backup to iCloud! Please be careful.
Your application might rejected by Apple if you store too much data.
For more information please read "iOS Data Storage Guidelines"
You could find it at the following address https://developer.apple.com/icloud/documentation/data-storage/ .

2014-09-08 21:30:29.481 Scratchpad[45985:70b] Resetting plugins due to page load.
2014-09-08 21:30:29.599 Scratchpad[45985:70b] Finished load of: file:///Users/norman/Library/Application%20Support/iPhone%20Simulator/7.1/Applications/2B90A09F-ECF4-4674-8BA5-E50DAC14FEEB/Scratchpad.app/www/index.html
2014-09-08 21:30:42.661 Scratchpad[45985:70b] Resetting plugins due to page load.
2014-09-08 21:30:42.744 Scratchpad[45985:70b] Finished load of: file:///Users/norman/Library/Application%20Support/iPhone%20Simulator/7.1/Applications/2B90A09F-ECF4-4674-8BA5-E50DAC14FEEB/Scratchpad.app/www/index.html
2014-09-08 21:31:36.499 Scratchpad[48035:70b] Multi-tasking -> Device: YES, App: YES
2014-09-08 21:31:36.506 Scratchpad[48035:70b] Unlimited access to network resources
2014-09-08 21:31:36.510 Scratchpad[48035:70b] 

Started backup to iCloud! Please be careful.
Your application might rejected by Apple if you store too much data.
For more information please read "iOS Data Storage Guidelines"
You could find it at the following address https://developer.apple.com/icloud/documentation/data-storage/ .

2014-09-08 21:31:36.620 Scratchpad[48035:70b] Resetting plugins due to page load.
2014-09-08 21:31:36.730 Scratchpad[48035:70b] Finished load of: file:///Users/norman/Library/Application%20Support/iPhone%20Simulator/7.1/Applications/2B90A09F-ECF4-4674-8BA5-E50DAC14FEEB/Scratchpad.app/www/index.html
2014-09-08 21:31:49.719 Scratchpad[48035:70b] Resetting plugins due to page load.
2014-09-08 21:31:49.811 Scratchpad[48035:70b] Finished load of: file:///Users/norman/Library/Application%20Support/iPhone%20Simulator/7.1/Applications/2B90A09F-ECF4-4674-8BA5-E50DAC14FEEB/Scratchpad.app/www/index.html
2014-09-08 21:34:01.858 Scratchpad[50065:70b] Multi-tasking -> Device: YES, App: YES
2014-09-08 21:34:01.865 Scratchpad[50065:70b] Unlimited access to network resources
2014-09-08 21:34:01.871 Scratchpad[50065:70b] 

Started backup to iCloud! Please be careful.
Your application might rejected by Apple if you store too much data.
For more information please read "iOS Data Storage Guidelines"
You could find it at the following address https://developer.apple.com/icloud/documentation/data-storage/ .

2014-09-08 21:34:02.024 Scratchpad[50065:70b] Resetting plugins due to page load.
2014-09-08 21:34:02.466 Scratchpad[50065:70b] Finished load of: file:///Users/norman/Library/Application%20Support/iPhone%20Simulator/7.1/Applications/2B90A09F-ECF4-4674-8BA5-E50DAC14FEEB/Scratchpad.app/www/index.html
2014-09-08 21:37:06.489 Scratchpad[52098:70b] Multi-tasking -> Device: YES, App: YES
2014-09-08 21:37:06.497 Scratchpad[52098:70b] Unlimited access to network resources
2014-09-08 21:37:06.499 Scratchpad[52098:70b] 

Started backup to iCloud! Please be careful.
Your application might rejected by Apple if you store too much data.
For more information please read "iOS Data Storage Guidelines"
You could find it at the following address https://developer.apple.com/icloud/documentation/data-storage/ .

2014-09-08 21:37:06.631 Scratchpad[52098:70b] Resetting plugins due to page load.
2014-09-08 21:37:07.136 Scratchpad[52098:70b] Finished load of: file:///Users/norman/Library/Application%20Support/iPhone%20Simulator/7.1/Applications/2B90A09F-ECF4-4674-8BA5-E50DAC14FEEB/Scratchpad.app/www/index.html
2014-09-08 21:39:13.626 Scratchpad[54121:70b] Multi-tasking -> Device: YES, App: YES
2014-09-08 21:39:13.633 Scratchpad[54121:70b] Unlimited access to network resources
2014-09-08 21:39:13.636 Scratchpad[54121:70b] 

Started backup to iCloud! Please be careful.
Your application might rejected by Apple if you store too much data.
For more information please read "iOS Data Storage Guidelines"
You could find it at the following address https://developer.apple.com/icloud/documentation/data-storage/ .

2014-09-08 21:39:13.753 Scratchpad[54121:70b] Resetting plugins due to page load.
2014-09-08 21:39:13.862 Scratchpad[54121:70b] Finished load of: file:///Users/norman/Library/Application%20Support/iPhone%20Simulator/7.1/Applications/2B90A09F-ECF4-4674-8BA5-E50DAC14FEEB/Scratchpad.app/www/index.html
2014-09-08 21:39:16.396 Scratchpad[54121:70b] Received memory warning.
2014-09-08 21:40:48.590 Scratchpad[56261:70b] Multi-tasking -> Device: YES, App: YES
2014-09-08 21:40:48.600 Scratchpad[56261:70b] Unlimited access to network resources
2014-09-08 21:40:48.603 Scratchpad[56261:70b] 

Started backup to iCloud! Please be careful.
Your application might rejected by Apple if you store too much data.
For more information please read "iOS Data Storage Guidelines"
You could find it at the following address https://developer.apple.com/icloud/documentation/data-storage/ .

2014-09-08 21:40:48.770 Scratchpad[56261:70b] Resetting plugins due to page load.
2014-09-08 21:40:48.910 Scratchpad[56261:70b] Finished load of: file:///Users/norman/Library/Application%20Support/iPhone%20Simulator/7.1/Applications/2B90A09F-ECF4-4674-8BA5-E50DAC14FEEB/Scratchpad.app/www/index.html
